Assembler report for de1soc
Thu Mar 17 17:37:36 2022
Quartus Prime Version 18.1.0 Build 625 09/12/2018 SJ Lite Edition


---------------------
; Table of Contents ;
---------------------
  1. Legal Notice
  2. Assembler Summary
  3. Assembler Settings
  4. Assembler Generated Files
  5. Assembler Device Options: C:/Users/isido/Documents/Local/PipelinedProcessor/src/out/de1soc.sof
  6. Assembler Messages



----------------
; Legal Notice ;
----------------
Copyright (C) 2018  Intel Corporation. All rights reserved.
Your use of Intel Corporation's design tools, logic functions 
and other software and tools, and its AMPP partner logic 
functions, and any output files from any of the foregoing 
(including device programming or simulation files), and any 
associated documentation or information are expressly subject 
to the terms and conditions of the Intel Program License 
Subscription Agreement, the Intel Quartus Prime License Agreement,
the Intel FPGA IP License Agreement, or other applicable license
agreement, including, without limitation, that your use is for
the sole purpose of programming logic devices manufactured by
Intel and sold by Intel or its authorized distributors.  Please
refer to the applicable agreement for further details.



+---------------------------------------------------------------+
; Assembler Summary                                             ;
+-----------------------+---------------------------------------+
; Assembler Status      ; Successful - Thu Mar 17 17:37:36 2022 ;
; Revision Name         ; de1soc                                ;
; Top-level Entity Name ; de1soc_top                            ;
; Family                ; Cyclone V                             ;
; Device                ; 5CSEMA5F31C6                          ;
+-----------------------+---------------------------------------+


+---------------------------------------------------------------------------------------------------------------+
; Assembler Settings                                                                                            ;
+-----------------------------------------------------------------------------+----------------+----------------+
; Option                                                                      ; Setting        ; Default Value  ;
+-----------------------------------------------------------------------------+----------------+----------------+
; Use smart compilation                                                       ; On             ; Off            ;
; Enable parallel Assembler and Timing Analyzer during compilation            ; On             ; On             ;
; Enable compact report table                                                 ; Off            ; Off            ;
; Generate compressed bitstreams                                              ; On             ; On             ;
; Compression mode                                                            ; Off            ; Off            ;
; Clock source for configuration device                                       ; Internal       ; Internal       ;
; Clock frequency of the configuration device                                 ; 10 MHZ         ; 10 MHz         ;
; Divide clock frequency by                                                   ; 1              ; 1              ;
; Auto user code                                                              ; On             ; On             ;
; Configuration device                                                        ; Auto           ; Auto           ;
; Voltage output format                                                       ; Auto discovery ; Auto discovery ;
; Configuration device auto user code                                         ; Off            ; Off            ;
; Generate Tabular Text File (.ttf) For Target Device                         ; Off            ; Off            ;
; Generate Raw Binary File (.rbf) For Target Device                           ; Off            ; Off            ;
; Generate Hexadecimal (Intel-Format) Output File (.hexout) for Target Device ; Off            ; Off            ;
; Hexadecimal Output File start address                                       ; 0              ; 0              ;
; Hexadecimal Output File count direction                                     ; Up             ; Up             ;
; Release clears before tri-states                                            ; Off            ; Off            ;
; Auto-restart configuration after error                                      ; On             ; On             ;
; Enable OCT_DONE                                                             ; Off            ; Off            ;
; Use Checkered Pattern as Uninitialized RAM Content                          ; Off            ; Off            ;
; Enable autonomous PCIe HIP mode                                             ; Off            ; Off            ;
; Generate Serial Vector Format File (.svf) for Target Device                 ; Off            ; Off            ;
; Generate a JEDEC STAPL Format File (.jam) for Target Device                 ; Off            ; Off            ;
; Generate a compressed Jam STAPL Byte Code 2.0 File (.jbc) for Target Device ; Off            ; Off            ;
; Generate a compressed Jam STAPL Byte Code 2.0 File (.jbc) for Target Device ; On             ; On             ;
+-----------------------------------------------------------------------------+----------------+----------------+


+----------------------------------------------------------------------+
; Assembler Generated Files                                            ;
+----------------------------------------------------------------------+
; File Name                                                            ;
+----------------------------------------------------------------------+
; C:/Users/isido/Documents/Local/PipelinedProcessor/src/out/de1soc.sof ;
+----------------------------------------------------------------------+


+------------------------------------------------------------------------------------------------+
; Assembler Device Options: C:/Users/isido/Documents/Local/PipelinedProcessor/src/out/de1soc.sof ;
+----------------+-------------------------------------------------------------------------------+
; Option         ; Setting                                                                       ;
+----------------+-------------------------------------------------------------------------------+
; JTAG usercode  ; 0x016279E6                                                                    ;
; Checksum       ; 0x016279E6                                                                    ;
+----------------+-------------------------------------------------------------------------------+


+--------------------+
; Assembler Messages ;
+--------------------+
Info: *******************************************************************
Info: Running Quartus Prime Assembler
    Info: Version 18.1.0 Build 625 09/12/2018 SJ Lite Edition
    Info: Processing started: Thu Mar 17 17:37:25 2022
Info: Command: quartus_asm --read_settings_files=on --write_settings_files=off de1soc -c de1soc
Warning (18236): Number of processors has not been specified which may cause overloading on shared machines.  Set the global assignment NUM_PARALLEL_PROCESSORS in your QSF to an appropriate value for best performance.
Info (115030): Assembler is generating device programming files
Info: Quartus Prime Assembler was successful. 0 errors, 1 warning
    Info: Peak virtual memory: 4897 megabytes
    Info: Processing ended: Thu Mar 17 17:37:37 2022
    Info: Elapsed time: 00:00:12
    Info: Total CPU time (on all processors): 00:00:12


