12:10:45 **** Incremental Build of configuration Nios II for project DCT_Nios_Project ****
make all 
Info: Building ../DCT_Nios_Project_bsp/
C:/intelFPGA_lite/18.1/nios2eds/bin/gnu/H-x86_64-mingw32/bin/make --no-print-directory -C ../DCT_Nios_Project_bsp/
[BSP build complete]
Info: Compiling hello_world.c to obj/default/hello_world.o
nios2-elf-gcc -xc -MP -MMD -c -I../DCT_Nios_Project_bsp//newlib/nios2-elf/include -I../DCT_Nios_Project_bsp//HAL/inc -I../DCT_Nios_Project_bsp/ -I../DCT_Nios_Project_bsp//drivers/inc  -pipe -D__hal__ -DALT_NO_INSTRUCTION_EMULATION -DALT_SINGLE_THREADED    -O0 -g -Wall   -mno-hw-div -mhw-mul -mno-hw-mulx -mgpopt=global -fno-math-errno -mcustom-fabss=224 -mcustom-fadds=253 -mcustom-fcmpeqs=227 -mcustom-fcmpges=228 -mcustom-fcmpgts=229 -mcustom-fcmples=230 -mcustom-fcmplts=231 -mcustom-fcmpnes=226 -mcustom-fdivs=255 -mcustom-fixsi=249 -mcustom-floatis=250 -mcustom-fmuls=252 -mcustom-fnegs=225 -mcustom-fsubs=254  -o obj/default/hello_world.o hello_world.c
hello_world.c: In function 'main':
hello_world.c:469:15: warning: variable 'result' set but not used [-Wunused-but-set-variable]
  volatile int result;
               ^
Info: Linking DCT_Nios_Project.elf
nios2-elf-g++  -T'../DCT_Nios_Project_bsp//linker.x' -msys-crt0='../DCT_Nios_Project_bsp//obj/HAL/src/crt0.o' -msys-lib=hal_bsp -L../DCT_Nios_Project_bsp/ -L../DCT_Nios_Project_bsp//newlib/nios2-elf/lib   -Wl,-Map=DCT_Nios_Project.map   -O0 -g -Wall   -mno-hw-div -mhw-mul -mno-hw-mulx -mgpopt=global -fno-math-errno -mcustom-fabss=224 -mcustom-fadds=253 -mcustom-fcmpeqs=227 -mcustom-fcmpges=228 -mcustom-fcmpgts=229 -mcustom-fcmples=230 -mcustom-fcmplts=231 -mcustom-fcmpnes=226 -mcustom-fdivs=255 -mcustom-fixsi=249 -mcustom-floatis=250 -mcustom-fmuls=252 -mcustom-fnegs=225 -mcustom-fsubs=254  -o DCT_Nios_Project.elf obj/default/hello_world.o -lm -msys-lib=m
nios2-elf-insert DCT_Nios_Project.elf --thread_model hal --cpu_name nios2_gen2_0 --qsys true --simulation_enabled false --stderr_dev jtag_uart_0 --stdin_dev jtag_uart_0 --stdout_dev jtag_uart_0 --sopc_system_name dct_nios --quartus_project_dir "C:/Users/isido/Documents/Local/PipelinedProcessor/dct_nios/nios_system" --sopcinfo C:/Users/isido/Documents/Local/PipelinedProcessor/dct_nios/nios_system/software/DCT_Nios_Project_bsp/../../dct_nios.sopcinfo
Info: (DCT_Nios_Project.elf) 113 KBytes program size (code + initialized data).
Info:                        135 KBytes free for stack + heap.
Info: Creating DCT_Nios_Project.objdump
nios2-elf-objdump --disassemble --syms --all-header --source DCT_Nios_Project.elf >DCT_Nios_Project.objdump
[DCT_Nios_Project build complete]

12:10:49 Build Finished (took 3s.515ms)

